{"level":"info","message":"Serveur démarrer sur le port 3000...","timestamp":"2018-11-27T13:22:24.499Z"}
{"level":"info","message":"Connected to mongodb://localhost/vidly_tests...","timestamp":"2018-11-27T13:22:25.802Z"}
{"level":"error","timestamp":"2018-11-27T13:22:27.372Z"}
{"level":"error","timestamp":"2018-11-27T13:22:27.679Z"}
{"level":"error","timestamp":"2018-11-27T13:22:27.988Z"}
{"level":"info","message":"Serveur démarrer sur le port 3000...","timestamp":"2018-11-27T13:22:44.036Z"}
{"level":"error","timestamp":"2018-11-27T13:22:44.116Z"}
{"level":"info","message":"Connected to mongodb://localhost/vidly_tests...","timestamp":"2018-11-27T13:22:45.084Z"}
{"level":"info","message":"Serveur démarrer sur le port 3000...","timestamp":"2018-11-27T13:24:47.095Z"}
{"level":"info","message":"Connected to mongodb://localhost/vidly_tests...","timestamp":"2018-11-27T13:24:48.347Z"}
{"level":"error","timestamp":"2018-11-27T13:24:49.841Z"}
{"level":"error","timestamp":"2018-11-27T13:24:50.011Z"}
{"level":"error","timestamp":"2018-11-27T13:24:50.299Z"}
{"level":"info","message":"Serveur démarrer sur le port 3000...","timestamp":"2018-11-27T13:24:59.561Z"}
{"level":"error","timestamp":"2018-11-27T13:24:59.619Z"}
{"level":"info","message":"Connected to mongodb://localhost/vidly_tests...","timestamp":"2018-11-27T13:25:00.608Z"}
{"level":"info","message":"Serveur démarrer sur le port 3000...","timestamp":"2018-11-27T13:26:42.107Z"}
{"level":"info","message":"Connected to mongodb://localhost/vidly_tests...","timestamp":"2018-11-27T13:26:43.267Z"}
{"level":"error","timestamp":"2018-11-27T13:26:44.793Z"}
{"level":"error","timestamp":"2018-11-27T13:26:45.011Z"}
{"level":"error","timestamp":"2018-11-27T13:26:45.451Z"}
{"level":"info","message":"Serveur démarrer sur le port 3000...","timestamp":"2018-11-27T13:26:57.718Z"}
{"level":"error","timestamp":"2018-11-27T13:26:57.778Z"}
{"level":"info","message":"Connected to mongodb://localhost/vidly_tests...","timestamp":"2018-11-27T13:26:58.748Z"}
{"level":"info","message":"Serveur démarrer sur le port 3000...","timestamp":"2018-11-27T13:27:46.293Z"}
{"level":"info","message":"Connected to mongodb://localhost/vidly_tests...","timestamp":"2018-11-27T13:27:47.393Z"}
{"level":"error","timestamp":"2018-11-27T13:27:48.760Z"}
{"level":"error","timestamp":"2018-11-27T13:27:48.937Z"}
{"level":"error","timestamp":"2018-11-27T13:27:49.173Z"}
{"level":"info","message":"Serveur démarrer sur le port 3000...","timestamp":"2018-11-27T13:28:06.469Z"}
{"level":"error","timestamp":"2018-11-27T13:28:06.548Z"}
{"level":"info","message":"Connected to mongodb://localhost/vidly_tests...","timestamp":"2018-11-27T13:28:07.504Z"}
{"level":"info","message":"Serveur démarrer sur le port 3000...","timestamp":"2018-11-27T13:29:03.711Z"}
{"level":"error","timestamp":"2018-11-27T13:29:03.953Z"}
{"level":"info","message":"Connected to mongodb://localhost/vidly_tests...","timestamp":"2018-11-27T13:29:05.150Z"}
{"level":"info","message":"Serveur démarrer sur le port 3000...","timestamp":"2018-11-27T13:29:16.528Z"}
{"level":"info","message":"Connected to mongodb://localhost/vidly_tests...","timestamp":"2018-11-27T13:29:17.690Z"}
{"level":"error","timestamp":"2018-11-27T13:29:18.917Z"}
{"level":"error","timestamp":"2018-11-27T13:29:19.065Z"}
{"level":"error","timestamp":"2018-11-27T13:29:19.293Z"}
{"level":"info","message":"Serveur démarrer sur le port 3000...","timestamp":"2018-11-27T13:30:10.599Z"}
{"level":"error","timestamp":"2018-11-27T13:30:10.700Z"}
{"level":"info","message":"Connected to mongodb://localhost/vidly_tests...","timestamp":"2018-11-27T13:30:11.812Z"}
{"level":"info","message":"Serveur démarrer sur le port 3000...","timestamp":"2018-11-27T13:30:25.308Z"}
{"level":"info","message":"Connected to mongodb://localhost/vidly_tests...","timestamp":"2018-11-27T13:30:26.362Z"}
{"level":"error","timestamp":"2018-11-27T13:30:27.655Z"}
{"level":"error","timestamp":"2018-11-27T13:30:27.845Z"}
{"level":"error","timestamp":"2018-11-27T13:30:28.099Z"}
{"level":"info","message":"Serveur démarrer sur le port 3000...","timestamp":"2018-11-27T13:31:16.642Z"}
{"level":"error","timestamp":"2018-11-27T13:31:16.751Z"}
{"level":"info","message":"Connected to mongodb://localhost/vidly_tests...","timestamp":"2018-11-27T13:31:17.754Z"}
{"level":"info","message":"Serveur démarrer sur le port 3000...","timestamp":"2018-11-27T13:31:33.613Z"}
{"level":"info","message":"Connected to mongodb://localhost/vidly_tests...","timestamp":"2018-11-27T13:31:34.819Z"}
{"level":"error","timestamp":"2018-11-27T13:31:36.405Z"}
{"level":"error","timestamp":"2018-11-27T13:31:36.700Z"}
{"level":"error","timestamp":"2018-11-27T13:31:37.085Z"}
{"level":"info","message":"Serveur démarrer sur le port 3000...","timestamp":"2018-11-27T13:32:31.731Z"}
{"level":"info","message":"Connected to mongodb://localhost/vidly_tests...","timestamp":"2018-11-27T13:32:32.828Z"}
{"level":"error","timestamp":"2018-11-27T13:32:34.163Z"}
{"level":"error","timestamp":"2018-11-27T13:32:34.325Z"}
{"level":"error","timestamp":"2018-11-27T13:32:34.578Z"}
{"level":"info","message":"Serveur démarrer sur le port 3000...","timestamp":"2018-11-27T13:32:48.948Z"}
{"level":"error","timestamp":"2018-11-27T13:32:49.177Z"}
{"level":"info","message":"Connected to mongodb://localhost/vidly_tests...","timestamp":"2018-11-27T13:32:50.127Z"}
{"level":"info","message":"Serveur démarrer sur le port 3000...","timestamp":"2018-11-27T13:33:46.784Z"}
{"level":"info","message":"Connected to mongodb://localhost/vidly_tests...","timestamp":"2018-11-27T13:33:47.925Z"}
{"level":"error","timestamp":"2018-11-27T13:33:49.233Z"}
{"level":"error","timestamp":"2018-11-27T13:33:49.401Z"}
{"level":"error","timestamp":"2018-11-27T13:33:49.611Z"}
{"level":"info","message":"Serveur démarrer sur le port 3000...","timestamp":"2018-11-27T13:34:00.142Z"}
{"level":"error","timestamp":"2018-11-27T13:34:00.215Z"}
{"level":"info","message":"Connected to mongodb://localhost/vidly_tests...","timestamp":"2018-11-27T13:34:01.172Z"}
{"level":"info","message":"Serveur démarrer sur le port 3000...","timestamp":"2018-11-27T13:34:48.791Z"}
{"level":"info","message":"Connected to mongodb://localhost/vidly_tests...","timestamp":"2018-11-27T13:34:49.887Z"}
{"level":"error","timestamp":"2018-11-27T13:34:51.163Z"}
{"level":"error","timestamp":"2018-11-27T13:34:51.327Z"}
{"level":"error","timestamp":"2018-11-27T13:34:51.515Z"}
{"level":"info","message":"Serveur démarrer sur le port 3000...","timestamp":"2018-11-27T13:34:59.711Z"}
{"level":"error","timestamp":"2018-11-27T13:34:59.887Z"}
{"level":"info","message":"Connected to mongodb://localhost/vidly_tests...","timestamp":"2018-11-27T13:35:00.833Z"}
{"level":"info","message":"Serveur démarrer sur le port 3000...","timestamp":"2018-11-27T13:35:36.191Z"}
{"level":"info","message":"Connected to mongodb://localhost/vidly_tests...","timestamp":"2018-11-27T13:35:37.734Z"}
{"level":"info","message":"Serveur démarrer sur le port 3000...","timestamp":"2018-11-27T13:39:12.721Z"}
{"level":"info","message":"Connected to mongodb://localhost/vidly_tests...","timestamp":"2018-11-27T13:39:13.839Z"}
{"level":"error","timestamp":"2018-11-27T13:39:15.220Z"}
{"level":"error","timestamp":"2018-11-27T13:39:15.393Z"}
{"level":"error","timestamp":"2018-11-27T13:39:15.972Z"}
{"level":"info","message":"Serveur démarrer sur le port 3000...","timestamp":"2018-11-27T13:39:34.013Z"}
{"level":"info","message":"Connected to mongodb://localhost/vidly_tests...","timestamp":"2018-11-27T13:39:35.222Z"}
{"level":"info","message":"Serveur démarrer sur le port 3000...","timestamp":"2018-11-27T13:39:56.396Z"}
{"level":"error","timestamp":"2018-11-27T13:39:56.527Z"}
{"level":"info","message":"Connected to mongodb://localhost/vidly_tests...","timestamp":"2018-11-27T13:39:57.488Z"}
{"level":"info","message":"Serveur démarrer sur le port 3000...","timestamp":"2018-11-27T13:40:38.694Z"}
{"level":"info","message":"Connected to mongodb://localhost/vidly_tests...","timestamp":"2018-11-27T13:40:39.869Z"}
{"level":"error","timestamp":"2018-11-27T13:40:41.312Z"}
{"level":"error","timestamp":"2018-11-27T13:40:41.476Z"}
{"level":"error","timestamp":"2018-11-27T13:40:41.815Z"}
{"level":"info","message":"Serveur démarrer sur le port 3000...","timestamp":"2018-11-27T13:40:55.056Z"}
{"level":"error","timestamp":"2018-11-27T13:40:55.132Z"}
{"level":"info","message":"Connected to mongodb://localhost/vidly_tests...","timestamp":"2018-11-27T13:40:56.082Z"}
{"level":"info","message":"Serveur démarrer sur le port 3000...","timestamp":"2018-11-27T13:41:09.863Z"}
{"level":"info","message":"Connected to mongodb://localhost/vidly_tests...","timestamp":"2018-11-27T13:41:10.948Z"}
{"level":"info","message":"Serveur démarrer sur le port 3000...","timestamp":"2018-11-27T15:56:10.035Z"}
{"level":"info","message":"Connected to mongodb://localhost/vidly_tests...","timestamp":"2018-11-27T15:56:11.196Z"}
{"level":"info","message":"Serveur démarrer sur le port 3000...","timestamp":"2018-11-27T15:56:20.530Z"}
{"level":"info","message":"Connected to mongodb://localhost/vidly_tests...","timestamp":"2018-11-27T15:56:21.634Z"}
{"level":"error","timestamp":"2018-11-27T15:56:22.832Z"}
{"level":"error","timestamp":"2018-11-27T15:56:22.992Z"}
{"level":"error","timestamp":"2018-11-27T15:56:23.202Z"}
{"level":"info","message":"Serveur démarrer sur le port 3000...","timestamp":"2018-11-27T15:56:32.228Z"}
{"level":"error","timestamp":"2018-11-27T15:56:32.409Z"}
{"level":"info","message":"Connected to mongodb://localhost/vidly_tests...","timestamp":"2018-11-27T15:56:33.254Z"}
{"level":"info","message":"Serveur démarrer sur le port 3000...","timestamp":"2018-11-27T16:00:41.873Z"}
{"level":"info","message":"Connected to mongodb://localhost/vidly_tests...","timestamp":"2018-11-27T16:00:43.175Z"}
{"level":"info","message":"Serveur démarrer sur le port 3000...","timestamp":"2018-11-27T16:00:55.153Z"}
{"level":"info","message":"Connected to mongodb://localhost/vidly_tests...","timestamp":"2018-11-27T16:00:56.185Z"}
{"level":"error","timestamp":"2018-11-27T16:00:57.385Z"}
{"level":"error","timestamp":"2018-11-27T16:00:57.541Z"}
{"level":"error","timestamp":"2018-11-27T16:00:57.789Z"}
{"level":"info","message":"Serveur démarrer sur le port 3000...","timestamp":"2018-11-27T16:01:06.822Z"}
{"level":"error","timestamp":"2018-11-27T16:01:06.998Z"}
{"level":"info","message":"Connected to mongodb://localhost/vidly_tests...","timestamp":"2018-11-27T16:01:07.855Z"}
{"level":"info","message":"Serveur démarrer sur le port 3000...","timestamp":"2018-11-27T16:10:24.857Z"}
{"level":"info","message":"Connected to mongodb://localhost/vidly_tests...","timestamp":"2018-11-27T16:10:26.017Z"}
{"level":"info","message":"Serveur démarrer sur le port 3000...","timestamp":"2018-11-27T16:10:41.596Z"}
{"level":"info","message":"Connected to mongodb://localhost/vidly_tests...","timestamp":"2018-11-27T16:10:42.659Z"}
{"level":"error","timestamp":"2018-11-27T16:10:44.223Z"}
{"level":"error","timestamp":"2018-11-27T16:10:44.674Z"}
{"level":"error","timestamp":"2018-11-27T16:10:45.254Z"}
{"level":"info","message":"Serveur démarrer sur le port 3000...","timestamp":"2018-11-27T16:11:08.451Z"}
{"level":"error","timestamp":"2018-11-27T16:11:08.513Z"}
{"level":"info","message":"Connected to mongodb://localhost/vidly_tests...","timestamp":"2018-11-27T16:11:09.472Z"}
{"level":"info","message":"Serveur démarrer sur le port 3000...","timestamp":"2018-11-27T16:12:46.710Z"}
{"level":"info","message":"Connected to mongodb://localhost/vidly_tests...","timestamp":"2018-11-27T16:12:47.822Z"}
{"level":"info","message":"Serveur démarrer sur le port 3000...","timestamp":"2018-11-27T16:13:00.894Z"}
{"level":"error","timestamp":"2018-11-27T16:13:01.030Z"}
{"level":"info","message":"Connected to mongodb://localhost/vidly_tests...","timestamp":"2018-11-27T16:13:01.914Z"}
{"level":"info","message":"Serveur démarrer sur le port 3000...","timestamp":"2018-11-27T16:13:15.844Z"}
{"level":"info","message":"Connected to mongodb://localhost/vidly_tests...","timestamp":"2018-11-27T16:13:16.885Z"}
{"level":"error","timestamp":"2018-11-27T16:13:18.125Z"}
{"level":"error","timestamp":"2018-11-27T16:13:18.288Z"}
{"level":"error","timestamp":"2018-11-27T16:13:18.529Z"}
{"level":"info","message":"Serveur démarrer sur le port 3000...","timestamp":"2018-11-27T16:14:27.395Z"}
{"level":"info","message":"Connected to mongodb://localhost/vidly_tests...","timestamp":"2018-11-27T16:14:28.585Z"}
{"level":"info","message":"Serveur démarrer sur le port 3000...","timestamp":"2018-11-27T16:14:40.109Z"}
{"level":"info","message":"Connected to mongodb://localhost/vidly_tests...","timestamp":"2018-11-27T16:14:41.159Z"}
{"level":"error","timestamp":"2018-11-27T16:14:42.395Z"}
{"level":"error","timestamp":"2018-11-27T16:14:42.584Z"}
{"level":"error","timestamp":"2018-11-27T16:14:42.859Z"}
{"level":"info","message":"Serveur démarrer sur le port 3000...","timestamp":"2018-11-27T16:14:52.445Z"}
{"level":"error","timestamp":"2018-11-27T16:14:52.499Z"}
{"level":"info","message":"Connected to mongodb://localhost/vidly_tests...","timestamp":"2018-11-27T16:14:53.466Z"}
{"level":"info","message":"Serveur démarrer sur le port 3000...","timestamp":"2018-11-27T16:19:15.476Z"}
{"level":"info","message":"Connected to mongodb://localhost/vidly_tests...","timestamp":"2018-11-27T16:19:16.575Z"}
{"level":"info","message":"Serveur démarrer sur le port 3000...","timestamp":"2018-11-27T16:19:26.263Z"}
{"level":"info","message":"Connected to mongodb://localhost/vidly_tests...","timestamp":"2018-11-27T16:19:27.296Z"}
{"level":"error","timestamp":"2018-11-27T16:19:28.646Z"}
{"level":"error","timestamp":"2018-11-27T16:19:28.857Z"}
{"level":"error","timestamp":"2018-11-27T16:19:29.085Z"}
{"level":"info","message":"Serveur démarrer sur le port 3000...","timestamp":"2018-11-27T16:19:38.323Z"}
{"level":"error","timestamp":"2018-11-27T16:19:38.499Z"}
{"level":"info","message":"Connected to mongodb://localhost/vidly_tests...","timestamp":"2018-11-27T16:19:39.341Z"}
{"level":"info","message":"Serveur démarrer sur le port 3000...","timestamp":"2018-11-27T16:23:03.292Z"}
{"level":"info","message":"Connected to mongodb://localhost/vidly_tests...","timestamp":"2018-11-27T16:23:04.383Z"}
{"level":"error","timestamp":"2018-11-27T16:23:05.725Z"}
{"level":"error","timestamp":"2018-11-27T16:23:05.890Z"}
{"level":"error","timestamp":"2018-11-27T16:23:06.251Z"}
{"level":"info","message":"Serveur démarrer sur le port 3000...","timestamp":"2018-11-27T16:23:19.340Z"}
{"level":"error","timestamp":"2018-11-27T16:23:19.408Z"}
{"level":"info","message":"Connected to mongodb://localhost/vidly_tests...","timestamp":"2018-11-27T16:23:20.361Z"}
{"level":"info","message":"Serveur démarrer sur le port 3000...","timestamp":"2018-11-27T16:49:54.891Z"}
{"level":"info","message":"Connected to mongodb://localhost/vidly_tests...","timestamp":"2018-11-27T16:49:56.160Z"}
{"level":"error","timestamp":"2018-11-27T16:49:58.129Z"}
{"level":"error","timestamp":"2018-11-27T16:49:58.399Z"}
{"level":"error","timestamp":"2018-11-27T16:49:58.849Z"}
{"level":"info","message":"Serveur démarrer sur le port 3000...","timestamp":"2018-11-27T16:50:27.696Z"}
{"level":"error","timestamp":"2018-11-27T16:50:28.379Z"}
{"level":"info","message":"Connected to mongodb://localhost/vidly_tests...","timestamp":"2018-11-27T16:50:28.853Z"}
{"level":"info","message":"Serveur démarrer sur le port 3000...","timestamp":"2018-11-27T16:51:27.985Z"}
{"level":"info","message":"Connected to mongodb://localhost/vidly_tests...","timestamp":"2018-11-27T16:51:29.019Z"}
{"level":"info","message":"Serveur démarrer sur le port 3000...","timestamp":"2018-11-27T16:52:16.895Z"}
{"level":"info","message":"Connected to mongodb://localhost/vidly_tests...","timestamp":"2018-11-27T16:52:18.005Z"}
{"level":"info","message":"Serveur démarrer sur le port 3000...","timestamp":"2018-11-27T16:52:36.475Z"}
{"level":"error","timestamp":"2018-11-27T16:52:36.563Z"}
{"level":"info","message":"Connected to mongodb://localhost/vidly_tests...","timestamp":"2018-11-27T16:52:37.517Z"}
{"level":"info","message":"Serveur démarrer sur le port 3000...","timestamp":"2018-11-27T16:52:50.631Z"}
{"level":"info","message":"Connected to mongodb://localhost/vidly_tests...","timestamp":"2018-11-27T16:52:51.665Z"}
{"level":"error","timestamp":"2018-11-27T16:52:52.963Z"}
{"level":"error","timestamp":"2018-11-27T16:52:53.152Z"}
{"level":"error","timestamp":"2018-11-27T16:52:53.445Z"}
{"level":"info","message":"Serveur démarrer sur le port 3000...","timestamp":"2018-11-27T16:54:46.569Z"}
{"level":"info","message":"Connected to mongodb://localhost/vidly_tests...","timestamp":"2018-11-27T16:54:47.893Z"}
{"level":"info","message":"Serveur démarrer sur le port 3000...","timestamp":"2018-11-27T16:54:58.107Z"}
{"level":"error","timestamp":"2018-11-27T16:54:58.174Z"}
{"level":"info","message":"Connected to mongodb://localhost/vidly_tests...","timestamp":"2018-11-27T16:54:59.138Z"}
{"level":"info","message":"Serveur démarrer sur le port 3000...","timestamp":"2018-11-27T16:55:12.436Z"}
{"level":"info","message":"Connected to mongodb://localhost/vidly_tests...","timestamp":"2018-11-27T16:55:13.680Z"}
{"level":"error","timestamp":"2018-11-27T16:55:15.015Z"}
{"level":"error","timestamp":"2018-11-27T16:55:15.259Z"}
{"level":"error","timestamp":"2018-11-27T16:55:15.567Z"}
{"level":"info","message":"Serveur démarrer sur le port 3000...","timestamp":"2018-11-27T17:18:24.300Z"}
{"level":"info","message":"Connected to mongodb://localhost/vidly_tests...","timestamp":"2018-11-27T17:18:25.468Z"}
{"level":"info","message":"Serveur démarrer sur le port 3000...","timestamp":"2018-11-27T17:18:42.052Z"}
{"level":"info","message":"Connected to mongodb://localhost/vidly_tests...","timestamp":"2018-11-27T17:18:43.096Z"}
{"level":"error","timestamp":"2018-11-27T17:18:44.411Z"}
{"level":"error","timestamp":"2018-11-27T17:18:44.612Z"}
{"level":"error","timestamp":"2018-11-27T17:18:44.859Z"}
{"level":"info","message":"Serveur démarrer sur le port 3000...","timestamp":"2018-11-27T17:18:56.937Z"}
{"level":"error","timestamp":"2018-11-27T17:18:56.997Z"}
{"level":"info","message":"Connected to mongodb://localhost/vidly_tests...","timestamp":"2018-11-27T17:18:57.968Z"}
{"level":"info","message":"Serveur démarrer sur le port 3000...","timestamp":"2018-11-27T17:19:46.338Z"}
{"level":"info","message":"Connected to mongodb://localhost/vidly_tests...","timestamp":"2018-11-27T17:19:47.497Z"}
{"level":"error","timestamp":"2018-11-27T17:19:48.851Z"}
{"level":"error","timestamp":"2018-11-27T17:19:49.034Z"}
{"level":"error","timestamp":"2018-11-27T17:19:49.296Z"}
{"level":"info","message":"Serveur démarrer sur le port 3000...","timestamp":"2018-11-27T17:20:06.737Z"}
{"level":"error","timestamp":"2018-11-27T17:20:06.848Z"}
{"level":"info","message":"Connected to mongodb://localhost/vidly_tests...","timestamp":"2018-11-27T17:20:07.777Z"}
{"level":"info","message":"Serveur démarrer sur le port 3000...","timestamp":"2018-11-27T17:21:25.683Z"}
{"level":"error","timestamp":"2018-11-27T17:21:25.934Z"}
{"level":"info","message":"Connected to mongodb://localhost/vidly_tests...","timestamp":"2018-11-27T17:21:26.902Z"}
{"level":"info","message":"Serveur démarrer sur le port 3000...","timestamp":"2018-11-27T17:21:50.124Z"}
{"level":"info","message":"Connected to mongodb://localhost/vidly_tests...","timestamp":"2018-11-27T17:21:51.262Z"}
{"level":"error","timestamp":"2018-11-27T17:21:52.652Z"}
{"level":"error","timestamp":"2018-11-27T17:21:52.902Z"}
{"level":"error","timestamp":"2018-11-27T17:21:53.266Z"}
{"level":"info","message":"Serveur démarrer sur le port 3000...","timestamp":"2018-11-27T17:23:56.309Z"}
{"level":"error","timestamp":"2018-11-27T17:23:56.409Z"}
{"level":"info","message":"Connected to mongodb://localhost/vidly_tests...","timestamp":"2018-11-27T17:23:57.384Z"}
{"level":"info","message":"Serveur démarrer sur le port 3000...","timestamp":"2018-11-27T17:24:07.814Z"}
{"level":"info","message":"Connected to mongodb://localhost/vidly_tests...","timestamp":"2018-11-27T17:24:08.846Z"}
{"level":"error","timestamp":"2018-11-27T17:24:10.156Z"}
{"level":"error","timestamp":"2018-11-27T17:24:10.360Z"}
{"level":"error","timestamp":"2018-11-27T17:24:10.697Z"}
{"level":"info","message":"Serveur démarrer sur le port 3000...","timestamp":"2018-11-27T17:24:35.593Z"}
{"level":"info","message":"Connected to mongodb://localhost/vidly_tests...","timestamp":"2018-11-27T17:24:36.639Z"}
{"level":"info","message":"Serveur démarrer sur le port 3000...","timestamp":"2018-11-27T17:27:02.621Z"}
{"level":"error","timestamp":"2018-11-27T17:27:02.755Z"}
{"level":"info","message":"Connected to mongodb://localhost/vidly_tests...","timestamp":"2018-11-27T17:27:03.710Z"}
{"level":"info","message":"Serveur démarrer sur le port 3000...","timestamp":"2018-11-27T17:27:15.879Z"}
{"level":"info","message":"Connected to mongodb://localhost/vidly_tests...","timestamp":"2018-11-27T17:27:16.913Z"}
{"level":"info","message":"Serveur démarrer sur le port 3000...","timestamp":"2018-11-27T17:27:31.918Z"}
{"level":"info","message":"Connected to mongodb://localhost/vidly_tests...","timestamp":"2018-11-27T17:27:33.054Z"}
{"level":"error","timestamp":"2018-11-27T17:27:34.661Z"}
{"level":"error","timestamp":"2018-11-27T17:27:35.058Z"}
{"level":"error","timestamp":"2018-11-27T17:27:35.516Z"}
{"level":"info","message":"Serveur démarrer sur le port 3000...","timestamp":"2018-11-27T17:28:27.772Z"}
{"level":"info","message":"Connected to mongodb://localhost/vidly_tests...","timestamp":"2018-11-27T17:28:28.866Z"}
{"level":"error","timestamp":"2018-11-27T17:28:30.185Z"}
{"level":"error","timestamp":"2018-11-27T17:28:30.352Z"}
{"level":"error","timestamp":"2018-11-27T17:28:30.566Z"}
{"level":"info","message":"Serveur démarrer sur le port 3000...","timestamp":"2018-11-27T17:28:39.593Z"}
{"level":"error","timestamp":"2018-11-27T17:28:39.650Z"}
{"level":"info","message":"Connected to mongodb://localhost/vidly_tests...","timestamp":"2018-11-27T17:28:40.616Z"}
{"level":"info","message":"Serveur démarrer sur le port 3000...","timestamp":"2018-11-27T17:28:57.861Z"}
{"level":"info","message":"Connected to mongodb://localhost/vidly_tests...","timestamp":"2018-11-27T17:28:58.900Z"}
{"level":"info","message":"Serveur démarrer sur le port 3000...","timestamp":"2018-11-27T17:30:56.011Z"}
{"level":"info","message":"Connected to mongodb://localhost/vidly_tests...","timestamp":"2018-11-27T17:30:57.274Z"}
{"message":"Rental is not defined","stack":"ReferenceError: Rental is not defined\n    at Rental (D:\\M1\\nodemosh\\routes\\returns.js:9:3)\n    at newFn (D:\\M1\\nodemosh\\node_modules\\express-async-errors\\index.js:16:20)\n    at Layer.handle [as handle_request] (D:\\M1\\nodemosh\\node_modules\\express\\lib\\router\\layer.js:95:5)\n    at next (D:\\M1\\nodemosh\\node_modules\\express\\lib\\router\\route.js:137:13)\n    at Route.dispatch (D:\\M1\\nodemosh\\node_modules\\express\\lib\\router\\route.js:112:3)\n    at newFn (D:\\M1\\nodemosh\\node_modules\\express-async-errors\\index.js:16:20)\n    at Layer.handle [as handle_request] (D:\\M1\\nodemosh\\node_modules\\express\\lib\\router\\layer.js:95:5)\n    at D:\\M1\\nodemosh\\node_modules\\express\\lib\\router\\index.js:281:22\n    at Function.process_params (D:\\M1\\nodemosh\\node_modules\\express\\lib\\router\\index.js:335:12)\n    at next (D:\\M1\\nodemosh\\node_modules\\express\\lib\\router\\index.js:275:10)\n    at Function.handle (D:\\M1\\nodemosh\\node_modules\\express\\lib\\router\\index.js:174:3)\n    at router (D:\\M1\\nodemosh\\node_modules\\express\\lib\\router\\index.js:47:12)\n    at newFn (D:\\M1\\nodemosh\\node_modules\\express-async-errors\\index.js:16:20)\n    at Layer.handle [as handle_request] (D:\\M1\\nodemosh\\node_modules\\express\\lib\\router\\layer.js:95:5)\n    at trim_prefix (D:\\M1\\nodemosh\\node_modules\\express\\lib\\router\\index.js:317:13)\n    at D:\\M1\\nodemosh\\node_modules\\express\\lib\\router\\index.js:284:7\n    at Function.process_params (D:\\M1\\nodemosh\\node_modules\\express\\lib\\router\\index.js:335:12)\n    at next (D:\\M1\\nodemosh\\node_modules\\express\\lib\\router\\index.js:275:10)\n    at D:\\M1\\nodemosh\\node_modules\\body-parser\\lib\\read.js:130:5\n    at invokeCallback (D:\\M1\\nodemosh\\node_modules\\raw-body\\index.js:224:16)\n    at done (D:\\M1\\nodemosh\\node_modules\\raw-body\\index.js:213:7)\n    at IncomingMessage.onEnd (D:\\M1\\nodemosh\\node_modules\\raw-body\\index.js:273:7)\n    at IncomingMessage.emit (events.js:182:13)\n    at endReadableNT (_stream_readable.js:1094:12)\n    at process._tickCallback (internal/process/next_tick.js:63:19)","level":"error","timestamp":"2018-11-27T17:30:57.453Z"}
{"message":"Rental is not defined","stack":"ReferenceError: Rental is not defined\n    at Rental (D:\\M1\\nodemosh\\routes\\returns.js:9:3)\n    at newFn (D:\\M1\\nodemosh\\node_modules\\express-async-errors\\index.js:16:20)\n    at Layer.handle [as handle_request] (D:\\M1\\nodemosh\\node_modules\\express\\lib\\router\\layer.js:95:5)\n    at next (D:\\M1\\nodemosh\\node_modules\\express\\lib\\router\\route.js:137:13)\n    at Route.dispatch (D:\\M1\\nodemosh\\node_modules\\express\\lib\\router\\route.js:112:3)\n    at newFn (D:\\M1\\nodemosh\\node_modules\\express-async-errors\\index.js:16:20)\n    at Layer.handle [as handle_request] (D:\\M1\\nodemosh\\node_modules\\express\\lib\\router\\layer.js:95:5)\n    at D:\\M1\\nodemosh\\node_modules\\express\\lib\\router\\index.js:281:22\n    at Function.process_params (D:\\M1\\nodemosh\\node_modules\\express\\lib\\router\\index.js:335:12)\n    at next (D:\\M1\\nodemosh\\node_modules\\express\\lib\\router\\index.js:275:10)\n    at Function.handle (D:\\M1\\nodemosh\\node_modules\\express\\lib\\router\\index.js:174:3)\n    at router (D:\\M1\\nodemosh\\node_modules\\express\\lib\\router\\index.js:47:12)\n    at newFn (D:\\M1\\nodemosh\\node_modules\\express-async-errors\\index.js:16:20)\n    at Layer.handle [as handle_request] (D:\\M1\\nodemosh\\node_modules\\express\\lib\\router\\layer.js:95:5)\n    at trim_prefix (D:\\M1\\nodemosh\\node_modules\\express\\lib\\router\\index.js:317:13)\n    at D:\\M1\\nodemosh\\node_modules\\express\\lib\\router\\index.js:284:7\n    at Function.process_params (D:\\M1\\nodemosh\\node_modules\\express\\lib\\router\\index.js:335:12)\n    at next (D:\\M1\\nodemosh\\node_modules\\express\\lib\\router\\index.js:275:10)\n    at D:\\M1\\nodemosh\\node_modules\\body-parser\\lib\\read.js:130:5\n    at invokeCallback (D:\\M1\\nodemosh\\node_modules\\raw-body\\index.js:224:16)\n    at done (D:\\M1\\nodemosh\\node_modules\\raw-body\\index.js:213:7)\n    at IncomingMessage.onEnd (D:\\M1\\nodemosh\\node_modules\\raw-body\\index.js:273:7)\n    at IncomingMessage.emit (events.js:182:13)\n    at endReadableNT (_stream_readable.js:1094:12)\n    at process._tickCallback (internal/process/next_tick.js:63:19)","level":"error","timestamp":"2018-11-27T17:30:58.404Z"}
{"level":"info","message":"Serveur démarrer sur le port 3000...","timestamp":"2018-11-27T17:31:13.537Z"}
{"level":"info","message":"Connected to mongodb://localhost/vidly_tests...","timestamp":"2018-11-27T17:31:14.612Z"}
{"level":"error","timestamp":"2018-11-27T17:31:16.326Z"}
{"level":"error","timestamp":"2018-11-27T17:31:16.502Z"}
{"level":"error","timestamp":"2018-11-27T17:31:16.710Z"}
{"level":"info","message":"Serveur démarrer sur le port 3000...","timestamp":"2018-11-27T17:31:28.227Z"}
{"level":"error","timestamp":"2018-11-27T17:31:28.371Z"}
{"level":"info","message":"Connected to mongodb://localhost/vidly_tests...","timestamp":"2018-11-27T17:31:29.294Z"}
{"level":"info","message":"Serveur démarrer sur le port 3000...","timestamp":"2018-11-27T17:32:33.176Z"}
{"level":"info","message":"Connected to mongodb://localhost/vidly_tests...","timestamp":"2018-11-27T17:32:35.114Z"}
{"level":"info","message":"Serveur démarrer sur le port 3000...","timestamp":"2018-11-27T17:32:53.296Z"}
{"level":"info","message":"Connected to mongodb://localhost/vidly_tests...","timestamp":"2018-11-27T17:32:54.338Z"}
{"level":"error","timestamp":"2018-11-27T17:32:55.523Z"}
{"level":"error","timestamp":"2018-11-27T17:32:55.684Z"}
{"level":"error","timestamp":"2018-11-27T17:32:55.934Z"}
{"level":"info","message":"Serveur démarrer sur le port 3000...","timestamp":"2018-11-27T17:33:08.669Z"}
{"level":"error","timestamp":"2018-11-27T17:33:09.230Z"}
{"level":"info","message":"Connected to mongodb://localhost/vidly_tests...","timestamp":"2018-11-27T17:33:09.742Z"}
{"level":"info","message":"Serveur démarrer sur le port 3000...","timestamp":"2018-11-27T17:34:07.063Z"}
{"level":"info","message":"Connected to mongodb://localhost/vidly_tests...","timestamp":"2018-11-27T17:34:08.192Z"}
{"level":"info","message":"Serveur démarrer sur le port 3000...","timestamp":"2018-11-27T17:34:20.714Z"}
{"level":"info","message":"Connected to mongodb://localhost/vidly_tests...","timestamp":"2018-11-27T17:34:21.855Z"}
{"level":"error","timestamp":"2018-11-27T17:34:23.191Z"}
{"level":"error","timestamp":"2018-11-27T17:34:23.369Z"}
{"level":"error","timestamp":"2018-11-27T17:34:23.586Z"}
{"level":"info","message":"Serveur démarrer sur le port 3000...","timestamp":"2018-11-27T17:34:38.057Z"}
{"level":"error","timestamp":"2018-11-27T17:34:38.234Z"}
{"level":"info","message":"Connected to mongodb://localhost/vidly_tests...","timestamp":"2018-11-27T17:34:39.084Z"}
{"level":"info","message":"Serveur démarrer sur le port 3000...","timestamp":"2018-11-27T17:35:36.296Z"}
{"level":"info","message":"Connected to mongodb://localhost/vidly_tests...","timestamp":"2018-11-27T17:35:37.439Z"}
{"level":"info","message":"Serveur démarrer sur le port 3000...","timestamp":"2018-11-27T17:35:48.442Z"}
{"level":"error","timestamp":"2018-11-27T17:35:48.615Z"}
{"level":"info","message":"Connected to mongodb://localhost/vidly_tests...","timestamp":"2018-11-27T17:35:49.571Z"}
{"level":"info","message":"Serveur démarrer sur le port 3000...","timestamp":"2018-11-27T17:36:09.015Z"}
{"level":"info","message":"Connected to mongodb://localhost/vidly_tests...","timestamp":"2018-11-27T17:36:10.081Z"}
{"level":"error","timestamp":"2018-11-27T17:36:11.375Z"}
{"level":"error","timestamp":"2018-11-27T17:36:11.612Z"}
{"level":"error","timestamp":"2018-11-27T17:36:11.923Z"}
{"level":"info","message":"Serveur démarrer sur le port 3000...","timestamp":"2018-11-27T17:37:55.235Z"}
{"level":"info","message":"Connected to mongodb://localhost/vidly_tests...","timestamp":"2018-11-27T17:37:56.384Z"}
{"level":"info","message":"Serveur démarrer sur le port 3000...","timestamp":"2018-11-27T17:38:07.222Z"}
{"level":"info","message":"Connected to mongodb://localhost/vidly_tests...","timestamp":"2018-11-27T17:38:08.297Z"}
{"level":"error","timestamp":"2018-11-27T17:38:09.519Z"}
{"level":"error","timestamp":"2018-11-27T17:38:09.750Z"}
{"level":"error","timestamp":"2018-11-27T17:38:10.008Z"}
{"level":"info","message":"Serveur démarrer sur le port 3000...","timestamp":"2018-11-27T17:38:20.452Z"}
{"level":"error","timestamp":"2018-11-27T17:38:20.516Z"}
{"level":"info","message":"Connected to mongodb://localhost/vidly_tests...","timestamp":"2018-11-27T17:38:21.492Z"}
{"level":"info","message":"Serveur démarrer sur le port 3000...","timestamp":"2018-11-27T17:40:14.077Z"}
{"level":"info","message":"Connected to mongodb://localhost/vidly_tests...","timestamp":"2018-11-27T17:40:15.244Z"}
{"level":"info","message":"Serveur démarrer sur le port 3000...","timestamp":"2018-11-27T17:40:27.572Z"}
{"level":"info","message":"Connected to mongodb://localhost/vidly_tests...","timestamp":"2018-11-27T17:40:28.654Z"}
{"level":"error","timestamp":"2018-11-27T17:40:29.911Z"}
{"level":"error","timestamp":"2018-11-27T17:40:30.203Z"}
{"level":"error","timestamp":"2018-11-27T17:40:30.734Z"}
{"level":"info","message":"Serveur démarrer sur le port 3000...","timestamp":"2018-11-27T17:41:01.313Z"}
{"level":"error","timestamp":"2018-11-27T17:41:01.470Z"}
{"level":"info","message":"Connected to mongodb://localhost/vidly_tests...","timestamp":"2018-11-27T17:41:02.349Z"}
{"level":"info","message":"Serveur démarrer sur le port 3000...","timestamp":"2018-11-27T17:42:31.714Z"}
{"level":"error","timestamp":"2018-11-27T17:42:31.988Z"}
{"level":"info","message":"Connected to mongodb://localhost/vidly_tests...","timestamp":"2018-11-27T17:42:32.892Z"}
{"level":"info","message":"Serveur démarrer sur le port 3000...","timestamp":"2018-11-27T17:42:43.860Z"}
{"level":"info","message":"Connected to mongodb://localhost/vidly_tests...","timestamp":"2018-11-27T17:42:44.902Z"}
{"level":"info","message":"Serveur démarrer sur le port 3000...","timestamp":"2018-11-27T17:43:06.790Z"}
{"level":"info","message":"Connected to mongodb://localhost/vidly_tests...","timestamp":"2018-11-27T17:43:07.922Z"}
{"level":"error","timestamp":"2018-11-27T17:43:09.345Z"}
{"level":"error","timestamp":"2018-11-27T17:43:09.715Z"}
{"level":"error","timestamp":"2018-11-27T17:43:10.436Z"}
{"level":"info","message":"Serveur démarrer sur le port 3000...","timestamp":"2018-11-27T17:48:27.239Z"}
{"level":"info","message":"Connected to mongodb://localhost/vidly_tests...","timestamp":"2018-11-27T17:48:28.431Z"}
{"level":"error","timestamp":"2018-11-27T17:48:28.591Z"}
{"level":"info","message":"Serveur démarrer sur le port 3000...","timestamp":"2018-11-27T17:48:41.229Z"}
{"level":"info","message":"Connected to mongodb://localhost/vidly_tests...","timestamp":"2018-11-27T17:48:42.277Z"}
{"level":"error","timestamp":"2018-11-27T17:48:43.680Z"}
{"level":"error","timestamp":"2018-11-27T17:48:43.877Z"}
{"level":"error","timestamp":"2018-11-27T17:48:44.225Z"}
{"level":"info","message":"Serveur démarrer sur le port 3000...","timestamp":"2018-11-27T17:48:55.015Z"}
{"level":"error","timestamp":"2018-11-27T17:48:55.082Z"}
{"level":"info","message":"Connected to mongodb://localhost/vidly_tests...","timestamp":"2018-11-27T17:48:56.036Z"}
{"level":"info","message":"Serveur démarrer sur le port 3000...","timestamp":"2018-11-27T17:49:37.363Z"}
{"level":"info","message":"Connected to mongodb://localhost/vidly_tests...","timestamp":"2018-11-27T17:49:38.478Z"}
{"level":"error","timestamp":"2018-11-27T17:49:38.665Z"}
{"level":"info","message":"Serveur démarrer sur le port 3000...","timestamp":"2018-11-27T17:49:48.828Z"}
{"level":"info","message":"Connected to mongodb://localhost/vidly_tests...","timestamp":"2018-11-27T17:49:49.858Z"}
{"level":"error","timestamp":"2018-11-27T17:49:51.090Z"}
{"level":"error","timestamp":"2018-11-27T17:49:51.251Z"}
{"level":"error","timestamp":"2018-11-27T17:49:51.490Z"}
{"level":"info","message":"Serveur démarrer sur le port 3000...","timestamp":"2018-11-27T17:50:01.328Z"}
{"level":"error","timestamp":"2018-11-27T17:50:01.533Z"}
{"level":"info","message":"Connected to mongodb://localhost/vidly_tests...","timestamp":"2018-11-27T17:50:02.369Z"}
{"level":"info","message":"Serveur démarrer sur le port 3000...","timestamp":"2018-11-27T17:51:12.219Z"}
{"level":"info","message":"Connected to mongodb://localhost/vidly_tests...","timestamp":"2018-11-27T17:51:13.349Z"}
{"level":"error","timestamp":"2018-11-27T17:51:13.497Z"}
{"level":"info","message":"Serveur démarrer sur le port 3000...","timestamp":"2018-11-27T17:58:52.052Z"}
{"level":"info","message":"Connected to mongodb://localhost/vidly_tests...","timestamp":"2018-11-27T17:58:53.234Z"}
{"level":"error","timestamp":"2018-11-27T17:58:53.415Z"}
{"level":"info","message":"Serveur démarrer sur le port 3000...","timestamp":"2018-11-27T17:59:05.806Z"}
{"level":"info","message":"Connected to mongodb://localhost/vidly_tests...","timestamp":"2018-11-27T17:59:06.860Z"}
{"level":"error","timestamp":"2018-11-27T17:59:08.100Z"}
{"level":"error","timestamp":"2018-11-27T17:59:08.324Z"}
{"level":"error","timestamp":"2018-11-27T17:59:08.613Z"}
{"level":"info","message":"Serveur démarrer sur le port 3000...","timestamp":"2018-11-27T17:59:27.223Z"}
{"level":"error","timestamp":"2018-11-27T17:59:27.279Z"}
{"level":"info","message":"Connected to mongodb://localhost/vidly_tests...","timestamp":"2018-11-27T17:59:28.362Z"}
{"level":"info","message":"Serveur démarrer sur le port 3000...","timestamp":"2018-11-27T18:00:24.277Z"}
{"level":"info","message":"Connected to mongodb://localhost/vidly_tests...","timestamp":"2018-11-27T18:00:25.388Z"}
{"level":"error","timestamp":"2018-11-27T18:00:25.584Z"}
{"level":"info","message":"Serveur démarrer sur le port 3000...","timestamp":"2018-11-27T18:00:37.101Z"}
{"level":"error","timestamp":"2018-11-27T18:00:37.187Z"}
{"level":"info","message":"Connected to mongodb://localhost/vidly_tests...","timestamp":"2018-11-27T18:00:38.154Z"}
{"level":"info","message":"Serveur démarrer sur le port 3000...","timestamp":"2018-11-27T18:00:53.123Z"}
{"level":"info","message":"Connected to mongodb://localhost/vidly_tests...","timestamp":"2018-11-27T18:00:54.173Z"}
{"level":"error","timestamp":"2018-11-27T18:00:55.593Z"}
{"level":"error","timestamp":"2018-11-27T18:00:55.764Z"}
{"level":"error","timestamp":"2018-11-27T18:00:56.270Z"}
{"level":"info","message":"Serveur démarrer sur le port 3000...","timestamp":"2018-11-27T18:01:35.153Z"}
{"level":"info","message":"Connected to mongodb://localhost/vidly_tests...","timestamp":"2018-11-27T18:01:36.254Z"}
{"level":"error","timestamp":"2018-11-27T18:01:36.374Z"}
{"level":"info","message":"Serveur démarrer sur le port 3000...","timestamp":"2018-11-27T18:01:46.500Z"}
{"level":"info","message":"Connected to mongodb://localhost/vidly_tests...","timestamp":"2018-11-27T18:01:47.540Z"}
{"level":"error","timestamp":"2018-11-27T18:01:48.759Z"}
{"level":"error","timestamp":"2018-11-27T18:01:48.925Z"}
{"level":"error","timestamp":"2018-11-27T18:01:49.131Z"}
{"level":"info","message":"Serveur démarrer sur le port 3000...","timestamp":"2018-11-27T18:01:58.123Z"}
{"level":"error","timestamp":"2018-11-27T18:01:58.307Z"}
{"level":"info","message":"Connected to mongodb://localhost/vidly_tests...","timestamp":"2018-11-27T18:01:59.157Z"}
{"level":"info","message":"Serveur démarrer sur le port 3000...","timestamp":"2018-11-27T18:07:12.931Z"}
{"level":"info","message":"Connected to mongodb://localhost/vidly_tests...","timestamp":"2018-11-27T18:07:14.126Z"}
{"level":"error","timestamp":"2018-11-27T18:07:14.329Z"}
{"level":"info","message":"Serveur démarrer sur le port 3000...","timestamp":"2018-11-27T18:07:30.475Z"}
{"level":"info","message":"Connected to mongodb://localhost/vidly_tests...","timestamp":"2018-11-27T18:07:31.514Z"}
{"level":"error","timestamp":"2018-11-27T18:07:32.876Z"}
{"level":"error","timestamp":"2018-11-27T18:07:33.118Z"}
{"level":"error","timestamp":"2018-11-27T18:07:33.729Z"}
{"level":"info","message":"Serveur démarrer sur le port 3000...","timestamp":"2018-11-27T18:07:47.216Z"}
{"level":"error","timestamp":"2018-11-27T18:07:47.287Z"}
{"level":"info","message":"Connected to mongodb://localhost/vidly_tests...","timestamp":"2018-11-27T18:07:48.276Z"}
{"level":"info","message":"Serveur démarrer sur le port 3000...","timestamp":"2018-11-27T18:10:45.700Z"}
{"level":"info","message":"Connected to mongodb://localhost/vidly_tests...","timestamp":"2018-11-27T18:10:46.808Z"}
{"level":"error","timestamp":"2018-11-27T18:10:46.922Z"}
{"level":"info","message":"Serveur démarrer sur le port 3000...","timestamp":"2018-11-27T18:10:57.617Z"}
{"level":"info","message":"Connected to mongodb://localhost/vidly_tests...","timestamp":"2018-11-27T18:10:58.655Z"}
{"level":"error","timestamp":"2018-11-27T18:10:59.953Z"}
{"level":"error","timestamp":"2018-11-27T18:11:00.189Z"}
{"level":"error","timestamp":"2018-11-27T18:11:00.554Z"}
{"level":"info","message":"Serveur démarrer sur le port 3000...","timestamp":"2018-11-27T18:11:12.826Z"}
{"level":"error","timestamp":"2018-11-27T18:11:12.887Z"}
{"level":"info","message":"Connected to mongodb://localhost/vidly_tests...","timestamp":"2018-11-27T18:11:13.852Z"}
{"level":"info","message":"Serveur démarrer sur le port 3000...","timestamp":"2018-11-27T18:14:20.862Z"}
{"level":"info","message":"Connected to mongodb://localhost/vidly_tests...","timestamp":"2018-11-27T18:14:21.969Z"}
{"level":"error","timestamp":"2018-11-27T18:14:22.113Z"}
{"level":"info","message":"Serveur démarrer sur le port 3000...","timestamp":"2018-11-27T18:14:31.700Z"}
{"level":"error","timestamp":"2018-11-27T18:14:31.802Z"}
{"level":"info","message":"Connected to mongodb://localhost/vidly_tests...","timestamp":"2018-11-27T18:14:32.722Z"}
{"level":"info","message":"Serveur démarrer sur le port 3000...","timestamp":"2018-11-27T18:14:42.545Z"}
{"level":"info","message":"Connected to mongodb://localhost/vidly_tests...","timestamp":"2018-11-27T18:14:43.585Z"}
{"level":"error","timestamp":"2018-11-27T18:14:44.810Z"}
{"level":"error","timestamp":"2018-11-27T18:14:44.974Z"}
{"level":"error","timestamp":"2018-11-27T18:14:45.209Z"}
{"level":"info","message":"Serveur démarrer sur le port 3000...","timestamp":"2018-11-27T18:16:33.531Z"}
{"level":"info","message":"Connected to mongodb://localhost/vidly_tests...","timestamp":"2018-11-27T18:16:34.626Z"}
{"level":"error","timestamp":"2018-11-27T18:16:34.763Z"}
{"level":"info","message":"Serveur démarrer sur le port 3000...","timestamp":"2018-11-27T18:16:46.227Z"}
{"level":"info","message":"Connected to mongodb://localhost/vidly_tests...","timestamp":"2018-11-27T18:16:47.267Z"}
{"level":"error","timestamp":"2018-11-27T18:16:48.498Z"}
{"level":"error","timestamp":"2018-11-27T18:16:48.731Z"}
{"level":"error","timestamp":"2018-11-27T18:16:48.958Z"}
{"level":"info","message":"Serveur démarrer sur le port 3000...","timestamp":"2018-11-27T18:17:07.757Z"}
{"level":"error","timestamp":"2018-11-27T18:17:07.824Z"}
{"level":"info","message":"Connected to mongodb://localhost/vidly_tests...","timestamp":"2018-11-27T18:17:08.792Z"}
{"level":"info","message":"Serveur démarrer sur le port 3000...","timestamp":"2018-11-27T18:18:42.908Z"}
{"level":"info","message":"Connected to mongodb://localhost/vidly_tests...","timestamp":"2018-11-27T18:18:44.015Z"}
{"level":"error","timestamp":"2018-11-27T18:18:44.142Z"}
{"level":"info","message":"Serveur démarrer sur le port 3000...","timestamp":"2018-11-27T18:18:54.249Z"}
{"level":"error","timestamp":"2018-11-27T18:18:54.308Z"}
{"level":"info","message":"Connected to mongodb://localhost/vidly_tests...","timestamp":"2018-11-27T18:18:55.278Z"}
{"level":"info","message":"Serveur démarrer sur le port 3000...","timestamp":"2018-11-27T18:19:05.005Z"}
{"level":"info","message":"Connected to mongodb://localhost/vidly_tests...","timestamp":"2018-11-27T18:19:06.032Z"}
{"level":"error","timestamp":"2018-11-27T18:19:07.346Z"}
{"level":"error","timestamp":"2018-11-27T18:19:07.488Z"}
{"level":"error","timestamp":"2018-11-27T18:19:07.690Z"}
{"level":"info","message":"Serveur démarrer sur le port 3000...","timestamp":"2018-11-27T18:20:56.996Z"}
{"level":"info","message":"Connected to mongodb://localhost/vidly_tests...","timestamp":"2018-11-27T18:20:58.334Z"}
{"level":"error","timestamp":"2018-11-27T18:20:58.535Z"}
{"level":"info","message":"Serveur démarrer sur le port 3000...","timestamp":"2018-11-27T18:21:14.735Z"}
{"level":"info","message":"Connected to mongodb://localhost/vidly_tests...","timestamp":"2018-11-27T18:21:15.881Z"}
{"level":"error","timestamp":"2018-11-27T18:21:17.147Z"}
{"level":"error","timestamp":"2018-11-27T18:21:17.326Z"}
{"level":"error","timestamp":"2018-11-27T18:21:17.628Z"}
{"level":"info","message":"Serveur démarrer sur le port 3000...","timestamp":"2018-11-27T18:21:29.652Z"}
{"level":"error","timestamp":"2018-11-27T18:21:29.708Z"}
{"level":"info","message":"Connected to mongodb://localhost/vidly_tests...","timestamp":"2018-11-27T18:21:30.680Z"}
